<?xml version="1.0" encoding="UTF-8"?>
<!-- Generated by org.testng.reporters.JUnitXMLReporter -->
<testsuite ignored="0" hostname="vchalla-lenovo1" failures="1" tests="5" name="Login Tests" time="49.162" errors="0" timestamp="2021-08-10T23:22:02 PDT">
  <testcase classname="com.aequilibrium.selenium.Login_Tests" name="validateSuccessfullLogin" time="0.461"/>
  <testcase classname="com.aequilibrium.selenium.Login_Tests" name="validateLogin_WithWrongPassword" time="0.444"/>
  <testcase classname="com.aequilibrium.selenium.Login_Tests" name="validateLogin_ForLockedOutUser" time="0.378"/>
  <testcase classname="com.aequilibrium.selenium.Login_Tests" name="validateLogin_UserNameAsBlank" time="0.311"/>
  <testcase classname="com.aequilibrium.selenium.Login_Tests" name="validateLogin_PasswordAsBlank" time="25.721">
    <failure type="java.lang.RuntimeException" message="Expected condition failed: waiting for presence of element located by: By.xpath: //div[@class=&amp;apos;error-message-container error&amp;apos;]/h3[contains(text(),&amp;apos;Username is required&amp;apos;)] (tried for 25 second(s) with 500 milliseconds interval)">
      <![CDATA[java.lang.RuntimeException: Expected condition failed: waiting for presence of element located by: By.xpath: //div[@class='error-message-container error']/h3[contains(text(),'Username is required')] (tried for 25 second(s) with 500 milliseconds interval)
at com.aequilibrium.selenium.Login_Tests.validateLogin_PasswordAsBlank(Login_Tests.java:157)
at java.base/java.util.ArrayList.forEach(ArrayList.java:1511)
... Removed 27 stack frames]]>
    </failure>
  </testcase> <!-- validateLogin_PasswordAsBlank -->
</testsuite> <!-- Login Tests -->
